<?xml version="1.0" encoding="UTF-8"?>
<!-- Generated by org.testng.reporters.JUnitXMLReporter -->
<testsuite ignored="0" hostname="QT-INNO-LT1384" failures="0" tests="3" name="Default test" time="7.858" errors="0" timestamp="2022-06-23T11:27:05 IST">
  <testcase classname="allureReports.Tests" name="logoPresence" time="0.094"/>
  <testcase classname="allureReports.Tests" name="loginTest" time="1.249"/>
  <testcase classname="allureReports.Tests" name="registrationTest" time="0.003">
    <skipped/>
  </testcase> <!-- registrationTest -->
</testsuite> <!-- Default test -->
