<?xml version="1.0" encoding="UTF-8"?>
<!-- Generated by org.testng.reporters.JUnitXMLReporter -->
<testsuite ignored="0" hostname="QT-INNO-LT1384" failures="0" tests="3" name="Test" time="30.449" errors="0" timestamp="2022-06-23T15:32:24 IST">
  <testcase classname="allureReports.Tests" name="logoPresence" time="0.193"/>
  <testcase classname="allureReports.Tests" name="loginTest" time="3.035"/>
  <testcase classname="allureReports.Tests" name="registrationTest" time="0.011">
    <skipped/>
  </testcase> <!-- registrationTest -->
</testsuite> <!-- Test -->
